2024-02-24 15:50:14,114 | INFO | scraping data from VCA
2024-02-24 15:50:14,117 | DEBUG | Starting new HTTPS connection (1): vcahospitals.com:443
2024-02-24 15:50:15,226 | DEBUG | https://vcahospitals.com:443 "GET /know-your-pet/dog-breeds HTTP/1.1" 200 None
2024-02-24 15:50:15,550 | DEBUG | Starting new HTTPS connection (1): vcahospitals.com:443
2024-02-24 15:50:16,282 | DEBUG | https://vcahospitals.com:443 "GET //know-your-pet/dog-breeds/afghan-hound HTTP/1.1" 200 None
2024-02-24 15:50:16,415 | DEBUG | Starting new HTTPS connection (1): vcahospitals.com:443
2024-02-24 15:50:17,279 | DEBUG | https://vcahospitals.com:443 "GET //know-your-pet/dog-breeds/akita HTTP/1.1" 200 None
2024-02-24 15:50:17,418 | DEBUG | Starting new HTTPS connection (1): vcahospitals.com:443
2024-02-24 15:50:18,138 | DEBUG | https://vcahospitals.com:443 "GET //know-your-pet/dog-breeds/alaskan-malamute HTTP/1.1" 200 None
2024-02-24 15:50:18,253 | DEBUG | Starting new HTTPS connection (1): vcahospitals.com:443
2024-02-24 15:50:18,921 | DEBUG | https://vcahospitals.com:443 "GET //know-your-pet/dog-breeds/american-cocker-spaniel HTTP/1.1" 200 None
2024-02-24 15:50:19,049 | DEBUG | Starting new HTTPS connection (1): vcahospitals.com:443
2024-02-24 15:50:19,769 | DEBUG | https://vcahospitals.com:443 "GET //know-your-pet/dog-breeds/american-eskimo HTTP/1.1" 200 None
2024-02-24 15:50:19,887 | DEBUG | Starting new HTTPS connection (1): vcahospitals.com:443
2024-02-24 15:50:20,590 | DEBUG | https://vcahospitals.com:443 "GET //know-your-pet/dog-breeds/american-staffordshire-terrier HTTP/1.1" 200 None
2024-02-24 15:50:20,708 | DEBUG | Starting new HTTPS connection (1): vcahospitals.com:443
2024-02-24 15:50:21,714 | DEBUG | https://vcahospitals.com:443 "GET //know-your-pet/dog-breeds/australian-shepherd HTTP/1.1" 200 None
2024-02-24 15:50:21,978 | DEBUG | Starting new HTTPS connection (1): vcahospitals.com:443
2024-02-24 15:50:22,896 | DEBUG | https://vcahospitals.com:443 "GET //know-your-pet/dog-breeds/basset-hound HTTP/1.1" 200 None
2024-02-24 15:50:23,175 | DEBUG | Starting new HTTPS connection (1): vcahospitals.com:443
2024-02-24 15:50:23,915 | DEBUG | https://vcahospitals.com:443 "GET //know-your-pet/dog-breeds/beagle HTTP/1.1" 200 None
2024-02-24 15:50:24,036 | DEBUG | Starting new HTTPS connection (1): vcahospitals.com:443
2024-02-24 15:50:24,765 | DEBUG | https://vcahospitals.com:443 "GET //know-your-pet/dog-breeds/bernese-mountain-dog HTTP/1.1" 200 None
2024-02-24 15:50:24,874 | DEBUG | Starting new HTTPS connection (1): vcahospitals.com:443
2024-02-24 15:50:25,611 | DEBUG | https://vcahospitals.com:443 "GET //know-your-pet/dog-breeds/bichon-frise HTTP/1.1" 200 None
2024-02-24 15:50:25,777 | DEBUG | Starting new HTTPS connection (1): vcahospitals.com:443
2024-02-24 15:50:26,911 | DEBUG | https://vcahospitals.com:443 "GET //know-your-pet/dog-breeds/bloodhound HTTP/1.1" 200 None
2024-02-24 15:50:27,177 | DEBUG | Starting new HTTPS connection (1): vcahospitals.com:443
2024-02-24 15:50:27,904 | DEBUG | https://vcahospitals.com:443 "GET //know-your-pet/dog-breeds/border-collie HTTP/1.1" 200 None
2024-02-24 15:50:28,029 | DEBUG | Starting new HTTPS connection (1): vcahospitals.com:443
2024-02-24 15:50:28,912 | DEBUG | https://vcahospitals.com:443 "GET //know-your-pet/dog-breeds/boston-terrier HTTP/1.1" 200 None
2024-02-24 15:50:29,178 | DEBUG | Starting new HTTPS connection (1): vcahospitals.com:443
2024-02-24 15:50:30,076 | DEBUG | https://vcahospitals.com:443 "GET //know-your-pet/dog-breeds/boxer HTTP/1.1" 200 None
2024-02-24 15:50:30,185 | DEBUG | Starting new HTTPS connection (1): vcahospitals.com:443
2024-02-24 15:50:30,937 | DEBUG | https://vcahospitals.com:443 "GET //know-your-pet/dog-breeds/brittany HTTP/1.1" 200 None
2024-02-24 15:50:31,090 | DEBUG | Starting new HTTPS connection (1): vcahospitals.com:443
2024-02-24 15:50:31,977 | DEBUG | https://vcahospitals.com:443 "GET //know-your-pet/dog-breeds/bull-terrier HTTP/1.1" 200 None
2024-02-24 15:50:32,258 | DEBUG | Starting new HTTPS connection (1): vcahospitals.com:443
2024-02-24 15:50:32,956 | DEBUG | https://vcahospitals.com:443 "GET //know-your-pet/dog-breeds/bulldog HTTP/1.1" 200 None
2024-02-24 15:50:33,081 | DEBUG | Starting new HTTPS connection (1): vcahospitals.com:443
2024-02-24 15:50:33,790 | DEBUG | https://vcahospitals.com:443 "GET //know-your-pet/dog-breeds/bullmastiff HTTP/1.1" 200 None
2024-02-24 15:50:33,931 | DEBUG | Starting new HTTPS connection (1): vcahospitals.com:443
2024-02-24 15:50:34,810 | DEBUG | https://vcahospitals.com:443 "GET //know-your-pet/dog-breeds/cairn-terrier HTTP/1.1" 200 None
2024-02-24 15:50:35,107 | DEBUG | Starting new HTTPS connection (1): vcahospitals.com:443
2024-02-24 15:50:35,790 | DEBUG | https://vcahospitals.com:443 "GET //know-your-pet/dog-breeds/cavalier-king-charles HTTP/1.1" 200 None
2024-02-24 15:50:35,899 | DEBUG | Starting new HTTPS connection (1): vcahospitals.com:443
2024-02-24 15:50:36,613 | DEBUG | https://vcahospitals.com:443 "GET //know-your-pet/dog-breeds/chesapeake-bay-retriever HTTP/1.1" 200 None
2024-02-24 15:50:36,716 | DEBUG | Starting new HTTPS connection (1): vcahospitals.com:443
2024-02-24 15:50:37,407 | DEBUG | https://vcahospitals.com:443 "GET //know-your-pet/dog-breeds/chihuahua-long HTTP/1.1" 200 None
2024-02-24 15:50:37,532 | DEBUG | Starting new HTTPS connection (1): vcahospitals.com:443
2024-02-24 15:50:38,239 | DEBUG | https://vcahospitals.com:443 "GET //know-your-pet/dog-breeds/chihuahua-smooth-coat HTTP/1.1" 200 None
2024-02-24 15:50:38,364 | DEBUG | Starting new HTTPS connection (1): vcahospitals.com:443
2024-02-24 15:50:39,040 | DEBUG | https://vcahospitals.com:443 "GET //know-your-pet/dog-breeds/chinese-shar-pei HTTP/1.1" 200 None
2024-02-24 15:50:39,165 | DEBUG | Starting new HTTPS connection (1): vcahospitals.com:443
2024-02-24 15:50:40,013 | DEBUG | https://vcahospitals.com:443 "GET //know-your-pet/dog-breeds/chow-chow HTTP/1.1" 200 None
2024-02-24 15:50:40,279 | DEBUG | Starting new HTTPS connection (1): vcahospitals.com:443
2024-02-24 15:50:41,192 | DEBUG | https://vcahospitals.com:443 "GET //know-your-pet/dog-breeds/cockapoo HTTP/1.1" 200 None
2024-02-24 15:50:41,505 | DEBUG | Starting new HTTPS connection (1): vcahospitals.com:443
2024-02-24 15:50:42,207 | DEBUG | https://vcahospitals.com:443 "GET //know-your-pet/dog-breeds/collie HTTP/1.1" 200 None
2024-02-24 15:50:42,316 | DEBUG | Starting new HTTPS connection (1): vcahospitals.com:443
2024-02-24 15:50:42,992 | DEBUG | https://vcahospitals.com:443 "GET //know-your-pet/dog-breeds/dachshund HTTP/1.1" 200 None
2024-02-24 15:50:43,164 | DEBUG | Starting new HTTPS connection (1): vcahospitals.com:443
2024-02-24 15:50:43,952 | DEBUG | https://vcahospitals.com:443 "GET //know-your-pet/dog-breeds/dalmatian HTTP/1.1" 200 None
2024-02-24 15:50:44,108 | DEBUG | Starting new HTTPS connection (1): vcahospitals.com:443
2024-02-24 15:50:44,821 | DEBUG | https://vcahospitals.com:443 "GET //know-your-pet/dog-breeds/doberman-pinscher HTTP/1.1" 200 None
2024-02-24 15:50:44,945 | DEBUG | Starting new HTTPS connection (1): vcahospitals.com:443
2024-02-24 15:50:45,641 | DEBUG | https://vcahospitals.com:443 "GET //know-your-pet/dog-breeds/english-cocker-spaniel HTTP/1.1" 200 None
2024-02-24 15:50:45,766 | DEBUG | Starting new HTTPS connection (1): vcahospitals.com:443
2024-02-24 15:50:46,474 | DEBUG | https://vcahospitals.com:443 "GET //know-your-pet/dog-breeds/english-setter HTTP/1.1" 200 None
2024-02-24 15:50:46,693 | DEBUG | Starting new HTTPS connection (1): vcahospitals.com:443
2024-02-24 15:50:47,560 | DEBUG | https://vcahospitals.com:443 "GET //know-your-pet/dog-breeds/english-springer-spaniel HTTP/1.1" 200 None
2024-02-24 15:50:47,857 | DEBUG | Starting new HTTPS connection (1): vcahospitals.com:443
2024-02-24 15:50:48,743 | DEBUG | https://vcahospitals.com:443 "GET //know-your-pet/dog-breeds/french-bulldog HTTP/1.1" 200 None
2024-02-24 15:50:48,993 | DEBUG | Starting new HTTPS connection (1): vcahospitals.com:443
2024-02-24 15:50:49,923 | DEBUG | https://vcahospitals.com:443 "GET //know-your-pet/dog-breeds/german-shepherd HTTP/1.1" 200 None
2024-02-24 15:50:50,219 | DEBUG | Starting new HTTPS connection (1): vcahospitals.com:443
2024-02-24 15:50:51,079 | DEBUG | https://vcahospitals.com:443 "GET //know-your-pet/dog-breeds/german-shorthaired-pointer HTTP/1.1" 200 None
2024-02-24 15:50:51,188 | DEBUG | Starting new HTTPS connection (1): vcahospitals.com:443
2024-02-24 15:50:51,874 | DEBUG | https://vcahospitals.com:443 "GET //know-your-pet/dog-breeds/golden-retriever HTTP/1.1" 200 None
2024-02-24 15:50:51,999 | DEBUG | Starting new HTTPS connection (1): vcahospitals.com:443
2024-02-24 15:50:52,690 | DEBUG | https://vcahospitals.com:443 "GET //know-your-pet/dog-breeds/great-dane HTTP/1.1" 200 None
2024-02-24 15:50:53,003 | DEBUG | Starting new HTTPS connection (1): vcahospitals.com:443
2024-02-24 15:50:53,691 | DEBUG | https://vcahospitals.com:443 "GET //know-your-pet/dog-breeds/greyhound HTTP/1.1" 200 None
2024-02-24 15:50:53,863 | DEBUG | Starting new HTTPS connection (1): vcahospitals.com:443
2024-02-24 15:50:54,791 | DEBUG | https://vcahospitals.com:443 "GET //know-your-pet/dog-breeds/havanese HTTP/1.1" 200 None
2024-02-24 15:50:55,104 | DEBUG | Starting new HTTPS connection (1): vcahospitals.com:443
2024-02-24 15:50:55,961 | DEBUG | https://vcahospitals.com:443 "GET //know-your-pet/dog-breeds/irish-setter HTTP/1.1" 200 None
2024-02-24 15:50:56,212 | DEBUG | Starting new HTTPS connection (1): vcahospitals.com:443
2024-02-24 15:50:57,080 | DEBUG | https://vcahospitals.com:443 "GET //know-your-pet/dog-breeds/irish-wolfhound HTTP/1.1" 200 None
2024-02-24 15:50:57,392 | DEBUG | Starting new HTTPS connection (1): vcahospitals.com:443
2024-02-24 15:50:58,292 | DEBUG | https://vcahospitals.com:443 "GET //know-your-pet/dog-breeds/italian-greyhound HTTP/1.1" 200 None
2024-02-24 15:50:58,495 | DEBUG | Starting new HTTPS connection (1): vcahospitals.com:443
2024-02-24 15:50:59,191 | DEBUG | https://vcahospitals.com:443 "GET //know-your-pet/dog-breeds/jack-russell-terrier HTTP/1.1" 200 None
2024-02-24 15:50:59,347 | DEBUG | Starting new HTTPS connection (1): vcahospitals.com:443
2024-02-24 15:51:00,571 | DEBUG | https://vcahospitals.com:443 "GET //know-your-pet/dog-breeds/keeshond HTTP/1.1" 200 None
2024-02-24 15:51:00,696 | DEBUG | Starting new HTTPS connection (1): vcahospitals.com:443
2024-02-24 15:51:01,390 | DEBUG | https://vcahospitals.com:443 "GET //know-your-pet/dog-breeds/labrador-retriever HTTP/1.1" 200 None
2024-02-24 15:51:01,499 | DEBUG | Starting new HTTPS connection (1): vcahospitals.com:443
2024-02-24 15:51:02,188 | DEBUG | https://vcahospitals.com:443 "GET //know-your-pet/dog-breeds/lhasa-apso HTTP/1.1" 200 None
2024-02-24 15:51:02,313 | DEBUG | Starting new HTTPS connection (1): vcahospitals.com:443
2024-02-24 15:51:03,037 | DEBUG | https://vcahospitals.com:443 "GET //know-your-pet/dog-breeds/maltese HTTP/1.1" 200 None
2024-02-24 15:51:03,162 | DEBUG | Starting new HTTPS connection (1): vcahospitals.com:443
2024-02-24 15:51:04,061 | DEBUG | https://vcahospitals.com:443 "GET //know-your-pet/dog-breeds/mastiff HTTP/1.1" 200 None
2024-02-24 15:51:04,358 | DEBUG | Starting new HTTPS connection (1): vcahospitals.com:443
2024-02-24 15:51:05,071 | DEBUG | https://vcahospitals.com:443 "GET //know-your-pet/dog-breeds/miniature-bull-terrier HTTP/1.1" 200 None
2024-02-24 15:51:05,196 | DEBUG | Starting new HTTPS connection (1): vcahospitals.com:443
2024-02-24 15:51:06,135 | DEBUG | https://vcahospitals.com:443 "GET //know-your-pet/dog-breeds/miniature-pinscher HTTP/1.1" 200 None
2024-02-24 15:51:06,468 | DEBUG | Starting new HTTPS connection (1): vcahospitals.com:443
2024-02-24 15:51:07,346 | DEBUG | https://vcahospitals.com:443 "GET //know-your-pet/dog-breeds/miniature-poodle HTTP/1.1" 200 None
2024-02-24 15:51:07,643 | DEBUG | Starting new HTTPS connection (1): vcahospitals.com:443
2024-02-24 15:51:08,356 | DEBUG | https://vcahospitals.com:443 "GET //know-your-pet/dog-breeds/miniature-schnauzer HTTP/1.1" 200 None
2024-02-24 15:51:08,482 | DEBUG | Starting new HTTPS connection (1): vcahospitals.com:443
2024-02-24 15:51:09,189 | DEBUG | https://vcahospitals.com:443 "GET //know-your-pet/dog-breeds/mixed-breed HTTP/1.1" 200 None
2024-02-24 15:51:09,299 | DEBUG | Starting new HTTPS connection (1): vcahospitals.com:443
2024-02-24 15:51:10,037 | DEBUG | https://vcahospitals.com:443 "GET //know-your-pet/dog-breeds/newfoundland HTTP/1.1" 200 None
2024-02-24 15:51:10,162 | DEBUG | Starting new HTTPS connection (1): vcahospitals.com:443
2024-02-24 15:51:10,858 | DEBUG | https://vcahospitals.com:443 "GET //know-your-pet/dog-breeds/old-english-sheepdog HTTP/1.1" 200 None
2024-02-24 15:51:10,999 | DEBUG | Starting new HTTPS connection (1): vcahospitals.com:443
2024-02-24 15:51:11,722 | DEBUG | https://vcahospitals.com:443 "GET //know-your-pet/dog-breeds/papillon HTTP/1.1" 200 None
2024-02-24 15:51:11,863 | DEBUG | Starting new HTTPS connection (1): vcahospitals.com:443
2024-02-24 15:51:12,573 | DEBUG | https://vcahospitals.com:443 "GET //know-your-pet/dog-breeds/pekingese HTTP/1.1" 200 None
2024-02-24 15:51:12,683 | DEBUG | Starting new HTTPS connection (1): vcahospitals.com:443
2024-02-24 15:51:13,388 | DEBUG | https://vcahospitals.com:443 "GET //know-your-pet/dog-breeds/pembroke-welsh-corgi HTTP/1.1" 200 None
2024-02-24 15:51:13,528 | DEBUG | Starting new HTTPS connection (1): vcahospitals.com:443
2024-02-24 15:51:14,445 | DEBUG | https://vcahospitals.com:443 "GET //know-your-pet/dog-breeds/pomeranian HTTP/1.1" 200 None
2024-02-24 15:51:14,744 | DEBUG | Starting new HTTPS connection (1): vcahospitals.com:443
2024-02-24 15:51:15,423 | DEBUG | https://vcahospitals.com:443 "GET //know-your-pet/dog-breeds/pug HTTP/1.1" 200 None
2024-02-24 15:51:15,563 | DEBUG | Starting new HTTPS connection (1): vcahospitals.com:443
2024-02-24 15:51:16,491 | DEBUG | https://vcahospitals.com:443 "GET //know-your-pet/dog-breeds/rat-terrier HTTP/1.1" 200 None
2024-02-24 15:51:16,773 | DEBUG | Starting new HTTPS connection (1): vcahospitals.com:443
2024-02-24 15:51:17,725 | DEBUG | https://vcahospitals.com:443 "GET //know-your-pet/dog-breeds/rhodesian-ridgeback HTTP/1.1" 200 None
2024-02-24 15:51:18,023 | DEBUG | Starting new HTTPS connection (1): vcahospitals.com:443
2024-02-24 15:51:18,799 | DEBUG | https://vcahospitals.com:443 "GET //know-your-pet/dog-breeds/rottweiler HTTP/1.1" 200 None
2024-02-24 15:51:18,950 | DEBUG | Starting new HTTPS connection (1): vcahospitals.com:443
2024-02-24 15:51:19,609 | DEBUG | https://vcahospitals.com:443 "GET //know-your-pet/dog-breeds/saint-bernard HTTP/1.1" 200 None
2024-02-24 15:51:19,734 | DEBUG | Starting new HTTPS connection (1): vcahospitals.com:443
2024-02-24 15:51:20,486 | DEBUG | https://vcahospitals.com:443 "GET //know-your-pet/dog-breeds/samoyed HTTP/1.1" 200 None
2024-02-24 15:51:20,611 | DEBUG | Starting new HTTPS connection (1): vcahospitals.com:443
2024-02-24 15:51:21,384 | DEBUG | https://vcahospitals.com:443 "GET //know-your-pet/dog-breeds/scottish-terrier HTTP/1.1" 200 None
2024-02-24 15:51:21,494 | DEBUG | Starting new HTTPS connection (1): vcahospitals.com:443
2024-02-24 15:51:22,205 | DEBUG | https://vcahospitals.com:443 "GET //know-your-pet/dog-breeds/shetland-sheepdog HTTP/1.1" 200 None
2024-02-24 15:51:22,486 | DEBUG | Starting new HTTPS connection (1): vcahospitals.com:443
2024-02-24 15:51:23,438 | DEBUG | https://vcahospitals.com:443 "GET //know-your-pet/dog-breeds/shih-tzu HTTP/1.1" 200 None
2024-02-24 15:51:23,720 | DEBUG | Starting new HTTPS connection (1): vcahospitals.com:443
2024-02-24 15:51:24,438 | DEBUG | https://vcahospitals.com:443 "GET //know-your-pet/dog-breeds/siberian-husky HTTP/1.1" 200 None
2024-02-24 15:51:24,548 | DEBUG | Starting new HTTPS connection (1): vcahospitals.com:443
2024-02-24 15:51:25,239 | DEBUG | https://vcahospitals.com:443 "GET //know-your-pet/dog-breeds/soft-coated-wheaten-terrier HTTP/1.1" 200 None
2024-02-24 15:51:25,366 | DEBUG | Starting new HTTPS connection (1): vcahospitals.com:443
2024-02-24 15:51:26,104 | DEBUG | https://vcahospitals.com:443 "GET //know-your-pet/dog-breeds/standard-poodle HTTP/1.1" 200 None
2024-02-24 15:51:26,229 | DEBUG | Starting new HTTPS connection (1): vcahospitals.com:443
2024-02-24 15:51:26,971 | DEBUG | https://vcahospitals.com:443 "GET //know-your-pet/dog-breeds/standard-schnauzer HTTP/1.1" 200 None
2024-02-24 15:51:27,096 | DEBUG | Starting new HTTPS connection (1): vcahospitals.com:443
2024-02-24 15:51:27,866 | DEBUG | https://vcahospitals.com:443 "GET //know-your-pet/dog-breeds/toy-poodle HTTP/1.1" 200 None
2024-02-24 15:51:27,992 | DEBUG | Starting new HTTPS connection (1): vcahospitals.com:443
2024-02-24 15:51:28,689 | DEBUG | https://vcahospitals.com:443 "GET //know-your-pet/dog-breeds/vizsla HTTP/1.1" 200 None
2024-02-24 15:51:28,814 | DEBUG | Starting new HTTPS connection (1): vcahospitals.com:443
2024-02-24 15:51:29,522 | DEBUG | https://vcahospitals.com:443 "GET //know-your-pet/dog-breeds/weimaraner HTTP/1.1" 200 None
2024-02-24 15:51:29,818 | DEBUG | Starting new HTTPS connection (1): vcahospitals.com:443
2024-02-24 15:51:30,708 | DEBUG | https://vcahospitals.com:443 "GET //know-your-pet/dog-breeds/west-highland-white-terrier HTTP/1.1" 200 None
2024-02-24 15:51:31,005 | DEBUG | Starting new HTTPS connection (1): vcahospitals.com:443
2024-02-24 15:51:31,891 | DEBUG | https://vcahospitals.com:443 "GET //know-your-pet/dog-breeds/whippet HTTP/1.1" 200 None
2024-02-24 15:51:32,172 | DEBUG | Starting new HTTPS connection (1): vcahospitals.com:443
2024-02-24 15:51:32,965 | DEBUG | https://vcahospitals.com:443 "GET //know-your-pet/dog-breeds/yorkshire-terrier HTTP/1.1" 200 None
2024-02-24 15:51:33,090 | INFO | exporting data to file
2024-02-24 15:51:33,090 | INFO | data exported to: .\\
2024-02-24 15:51:33,090 | INFO | setting up database connection
2024-02-24 15:51:41,371 | INFO | dropping existing collection
2024-02-24 15:51:42,762 | INFO | perparing scraped data for insert
2024-02-24 15:51:42,762 | INFO | inserting data to database
2024-02-24 15:51:43,496 | INFO | creating index for breed
2024-02-24 15:51:43,840 | INFO | total records in collection: 80
